<?xml version="1.0" encoding="UTF-8"?>
<robot generator="Robot 4.1 (Python 3.9.6 on win32)" generated="20210819 21:05:50.659" rpa="false" schemaversion="2">
<suite id="s1" name="Gmail" source="C:\Users\Sona Sanju-2441\PycharmProjects\Automation-Gmail\TestCases\Gmail.robot">
<test id="s1-t1" name="LoginTest">
<kw name="Open Browser" library="SeleniumLibrary">
<arg>https://mail.google.com/mail/u/0/#inbox</arg>
<arg>chrome</arg>
<doc>Opens a new browser instance to the optional ``url``.</doc>
<msg timestamp="20210819 21:05:50.909" level="INFO">Opening browser 'chrome' to base url 'https://mail.google.com/mail/u/0/#inbox'.</msg>
<status status="PASS" starttime="20210819 21:05:50.909" endtime="20210819 21:05:54.586"/>
</kw>
<kw name="Maximize Browser Window" library="SeleniumLibrary">
<doc>Maximizes current browser window.</doc>
<status status="PASS" starttime="20210819 21:05:54.586" endtime="20210819 21:05:54.706"/>
</kw>
<kw name="Input Text" library="SeleniumLibrary">
<arg>id:identifierId</arg>
<arg>sona.saju@terralogic.com</arg>
<doc>Types the given ``text`` into the text field identified by ``locator``.</doc>
<msg timestamp="20210819 21:05:54.706" level="INFO">Typing text 'sona.saju@terralogic.com' into text field 'id:identifierId'.</msg>
<status status="PASS" starttime="20210819 21:05:54.706" endtime="20210819 21:05:54.933"/>
</kw>
<kw name="Click Element" library="SeleniumLibrary">
<arg>class:VfPpkd-vQzf8d</arg>
<doc>Click the element identified by ``locator``.</doc>
<msg timestamp="20210819 21:05:54.933" level="INFO">Clicking element 'class:VfPpkd-vQzf8d'.</msg>
<status status="PASS" starttime="20210819 21:05:54.933" endtime="20210819 21:05:55.005"/>
</kw>
<kw name="Sleep" library="BuiltIn">
<arg>5s</arg>
<doc>Pauses the test executed for the given time.</doc>
<msg timestamp="20210819 21:06:00.019" level="INFO">Slept 5 seconds</msg>
<status status="PASS" starttime="20210819 21:05:55.005" endtime="20210819 21:06:00.019"/>
</kw>
<kw name="Input Text" library="SeleniumLibrary">
<arg>name:password</arg>
<arg>Sona@123</arg>
<doc>Types the given ``text`` into the text field identified by ``locator``.</doc>
<msg timestamp="20210819 21:06:00.019" level="INFO">Typing text 'Sona@123' into text field 'name:password'.</msg>
<status status="PASS" starttime="20210819 21:06:00.019" endtime="20210819 21:06:00.123"/>
</kw>
<kw name="Click Element" library="SeleniumLibrary">
<arg>class:VfPpkd-vQzf8d</arg>
<doc>Click the element identified by ``locator``.</doc>
<msg timestamp="20210819 21:06:00.123" level="INFO">Clicking element 'class:VfPpkd-vQzf8d'.</msg>
<status status="PASS" starttime="20210819 21:06:00.123" endtime="20210819 21:06:00.189"/>
</kw>
<kw name="Sleep" library="BuiltIn">
<arg>5s</arg>
<doc>Pauses the test executed for the given time.</doc>
<msg timestamp="20210819 21:06:05.204" level="INFO">Slept 5 seconds</msg>
<status status="PASS" starttime="20210819 21:06:00.189" endtime="20210819 21:06:05.204"/>
</kw>
<kw name="Capture Page Screenshot" library="SeleniumLibrary">
<arg>C:/Users/Sona Sanju-2441/PycharmProjects/Gmail/LoginTest.png</arg>
<doc>Takes a screenshot of the current page and embeds it into a log file.</doc>
<msg timestamp="20210819 21:06:11.020" level="INFO" html="true">&lt;/td&gt;&lt;/tr&gt;&lt;tr&gt;&lt;td colspan="3"&gt;&lt;a href="../Gmail/LoginTest.png"&gt;&lt;img src="../Gmail/LoginTest.png" width="800px"&gt;&lt;/a&gt;</msg>
<status status="PASS" starttime="20210819 21:06:05.204" endtime="20210819 21:06:11.020"/>
</kw>
<kw name="Sleep" library="BuiltIn">
<arg>5s</arg>
<doc>Pauses the test executed for the given time.</doc>
<msg timestamp="20210819 21:06:16.023" level="INFO">Slept 5 seconds</msg>
<status status="PASS" starttime="20210819 21:06:11.020" endtime="20210819 21:06:16.023"/>
</kw>
<status status="PASS" starttime="20210819 21:05:50.909" endtime="20210819 21:06:16.023"/>
</test>
<test id="s1-t2" name="ComposeTest">
<kw name="Click Element" library="SeleniumLibrary">
<arg>xpath://div[contains(text(), 'Compose')]</arg>
<doc>Click the element identified by ``locator``.</doc>
<msg timestamp="20210819 21:06:16.031" level="INFO">Clicking element 'xpath://div[contains(text(), 'Compose')]'.</msg>
<status status="PASS" starttime="20210819 21:06:16.031" endtime="20210819 21:06:16.209"/>
</kw>
<kw name="Sleep" library="BuiltIn">
<arg>5s</arg>
<doc>Pauses the test executed for the given time.</doc>
<msg timestamp="20210819 21:06:21.215" level="INFO">Slept 5 seconds</msg>
<status status="PASS" starttime="20210819 21:06:16.209" endtime="20210819 21:06:21.215"/>
</kw>
<kw name="Input Text" library="SeleniumLibrary">
<arg>xpath:(//textarea[@class='vO'])[1]</arg>
<arg>sona.saju@terralogic.com</arg>
<doc>Types the given ``text`` into the text field identified by ``locator``.</doc>
<msg timestamp="20210819 21:06:21.215" level="INFO">Typing text 'sona.saju@terralogic.com' into text field 'xpath:(//textarea[@class='vO'])[1]'.</msg>
<status status="PASS" starttime="20210819 21:06:21.215" endtime="20210819 21:06:21.335"/>
</kw>
<kw name="Sleep" library="BuiltIn">
<arg>3s</arg>
<doc>Pauses the test executed for the given time.</doc>
<msg timestamp="20210819 21:06:24.349" level="INFO">Slept 3 seconds</msg>
<status status="PASS" starttime="20210819 21:06:21.335" endtime="20210819 21:06:24.349"/>
</kw>
<kw name="Input Text" library="SeleniumLibrary">
<arg>name:subjectbox</arg>
<arg>Automation mail</arg>
<doc>Types the given ``text`` into the text field identified by ``locator``.</doc>
<msg timestamp="20210819 21:06:24.349" level="INFO">Typing text 'Automation mail' into text field 'name:subjectbox'.</msg>
<status status="PASS" starttime="20210819 21:06:24.349" endtime="20210819 21:06:24.481"/>
</kw>
<kw name="Sleep" library="BuiltIn">
<arg>5s</arg>
<doc>Pauses the test executed for the given time.</doc>
<msg timestamp="20210819 21:06:29.493" level="INFO">Slept 5 seconds</msg>
<status status="PASS" starttime="20210819 21:06:24.481" endtime="20210819 21:06:29.493"/>
</kw>
<kw name="Choose File" library="SeleniumLibrary">
<arg>xpath = //input[@name='Filedata']</arg>
<arg>C:/Users/Sona Sanju-2441/PycharmProjects/Gmail/LoginTest.png</arg>
<doc>Inputs the ``file_path`` into the file input field ``locator``.</doc>
<msg timestamp="20210819 21:06:29.493" level="INFO">Sending C:\Users\Sona Sanju-2441\PycharmProjects\Gmail\LoginTest.png to browser.</msg>
<status status="PASS" starttime="20210819 21:06:29.493" endtime="20210819 21:06:29.599"/>
</kw>
<kw name="Sleep" library="BuiltIn">
<arg>5s</arg>
<doc>Pauses the test executed for the given time.</doc>
<msg timestamp="20210819 21:06:34.599" level="INFO">Slept 5 seconds</msg>
<status status="PASS" starttime="20210819 21:06:29.599" endtime="20210819 21:06:34.599"/>
</kw>
<kw name="Click Element" library="SeleniumLibrary">
<arg>xpath://div[@class="T-I J-J5-Ji aoO v7 T-I-atl L3"]</arg>
<doc>Click the element identified by ``locator``.</doc>
<msg timestamp="20210819 21:06:34.599" level="INFO">Clicking element 'xpath://div[@class="T-I J-J5-Ji aoO v7 T-I-atl L3"]'.</msg>
<status status="PASS" starttime="20210819 21:06:34.599" endtime="20210819 21:06:34.731"/>
</kw>
<kw name="Sleep" library="BuiltIn">
<arg>5s</arg>
<doc>Pauses the test executed for the given time.</doc>
<msg timestamp="20210819 21:06:39.738" level="INFO">Slept 5 seconds</msg>
<status status="PASS" starttime="20210819 21:06:34.731" endtime="20210819 21:06:39.738"/>
</kw>
<status status="PASS" starttime="20210819 21:06:16.031" endtime="20210819 21:06:39.738"/>
</test>
<status status="PASS" starttime="20210819 21:05:50.674" endtime="20210819 21:06:39.738"/>
</suite>
<statistics>
<total>
<stat pass="2" fail="0" skip="0">All Tests</stat>
</total>
<tag>
</tag>
<suite>
<stat pass="2" fail="0" skip="0" id="s1" name="Gmail">Gmail</stat>
</suite>
</statistics>
<errors>
</errors>
</robot>
